<?xml version="1.0" encoding="UTF-8"?>
<!-- Generated by org.testng.reporters.JUnitXMLReporter -->
<testsuite ignored="0" hostname="YUG-INSP-I3-2" failures="0" tests="3" name="Test" time="41.997" errors="0" timestamp="2023-10-31T10:58:17 IST">
  <testcase classname="com.tendable.testcase.TendableTechChallenge" name="testTopLevelMenusAccessibility" time="4.872"/>
  <testcase classname="com.tendable.testcase.TendableTechChallenge" name="testRequestDemoButtonPresence" time="19.25"/>
  <testcase classname="com.tendable.testcase.TendableTechChallenge" name="testContactUsFormError" time="14.567"/>
</testsuite> <!-- Test -->
