<?xml version="1.0" encoding="UTF-8"?>
<!-- Generated by org.testng.reporters.JUnitXMLReporter -->
<testsuite ignored="2" hostname="YUG-INSP-I3-2" failures="0" tests="1" name="Default test" time="25.052" errors="0" timestamp="2023-10-31T10:52:57 IST">
  <testcase classname="com.tendable.testcase.TendableTechChallenge" name="testRequestDemoButtonPresence" time="22.251"/>
  <testcase classname="com.tendable.testcase.TendableTechChallenge" name="testContactUsFormError" time="0.0">
    <ignored/>
  </testcase> <!-- testContactUsFormError -->
  <testcase classname="com.tendable.testcase.TendableTechChallenge" name="testTopLevelMenusAccessibility" time="0.0">
    <ignored/>
  </testcase> <!-- testTopLevelMenusAccessibility -->
</testsuite> <!-- Default test -->
