<?xml version="1.0" encoding="UTF-8"?>
<testng-results ignored="0" total="3" passed="3" failed="0" skipped="0">
  <reporter-output>
  </reporter-output>
  <suite started-at="2023-10-31T10:57:35 IST" name="Suite" finished-at="2023-10-31T10:58:17 IST" duration-ms="41997">
    <groups>
    </groups>
    <test started-at="2023-10-31T10:57:35 IST" name="Test" finished-at="2023-10-31T10:58:17 IST" duration-ms="41997">
      <class name="com.tendable.testcase.TendableTechChallenge">
        <test-method is-config="true" signature="setUp()[pri:0, instance:com.tendable.testcase.TendableTechChallenge@1ffaf86]" started-at="2023-10-31T10:57:35 IST" name="setUp" finished-at="2023-10-31T10:57:38 IST" duration-ms="2657" status="PASS">
          <reporter-output>
          </reporter-output>
        </test-method> <!-- setUp -->
        <test-method signature="testTopLevelMenusAccessibility()[pri:1, instance:com.tendable.testcase.TendableTechChallenge@1ffaf86]" started-at="2023-10-31T10:57:38 IST" name="testTopLevelMenusAccessibility" finished-at="2023-10-31T10:57:43 IST" duration-ms="4872" status="PASS">
          <reporter-output>
          </reporter-output>
        </test-method> <!-- testTopLevelMenusAccessibility -->
        <test-method signature="testRequestDemoButtonPresence()[pri:2, instance:com.tendable.testcase.TendableTechChallenge@1ffaf86]" started-at="2023-10-31T10:57:43 IST" name="testRequestDemoButtonPresence" finished-at="2023-10-31T10:58:02 IST" duration-ms="19250" status="PASS">
          <reporter-output>
          </reporter-output>
        </test-method> <!-- testRequestDemoButtonPresence -->
        <test-method signature="testContactUsFormError()[pri:3, instance:com.tendable.testcase.TendableTechChallenge@1ffaf86]" started-at="2023-10-31T10:58:02 IST" name="testContactUsFormError" finished-at="2023-10-31T10:58:17 IST" duration-ms="14567" status="PASS">
          <reporter-output>
          </reporter-output>
        </test-method> <!-- testContactUsFormError -->
        <test-method is-config="true" signature="tearDown()[pri:0, instance:com.tendable.testcase.TendableTechChallenge@1ffaf86]" started-at="2023-10-31T10:58:17 IST" name="tearDown" finished-at="2023-10-31T10:58:17 IST" duration-ms="565" status="PASS">
          <reporter-output>
          </reporter-output>
        </test-method> <!-- tearDown -->
      </class> <!-- com.tendable.testcase.TendableTechChallenge -->
    </test> <!-- Test -->
  </suite> <!-- Suite -->
</testng-results>
